<?xml version="1.0" encoding="UTF-8"?>
<!-- Generated by org.testng.reporters.JUnitReportReporter -->
<testsuite hostname="ganesh2216" failures="0" tests="2" name="com.automtion.testscripts.TC_01_creatEmployee" time="43.013" errors="0" timestamp="2019-11-13T18:15:43 IST" skipped="0">
  <testcase classname="com.automtion.testscripts.TC_01_creatEmployee" name="creatEmployee" time="20.271"/>
  <testcase classname="com.automtion.testscripts.TC_01_creatEmployee" name="creatEmployee" time="22.742"/>
</testsuite> <!-- com.automtion.testscripts.TC_01_creatEmployee -->
